17:09:11: Creating resource group General
17:09:11: Creating resource group Internal
17:09:11: Creating resource group Autodetect
17:09:11: SceneManagerFactory for type 'DefaultSceneManager' registered.
17:09:11: Registering ResourceManager for type Material
17:09:11: Registering ResourceManager for type Mesh
17:09:11: Registering ResourceManager for type Skeleton
17:09:11: MovableObjectFactory for type 'ParticleSystem' registered.
17:09:11: OverlayElementFactory for type Panel registered.
17:09:11: OverlayElementFactory for type BorderPanel registered.
17:09:11: OverlayElementFactory for type TextArea registered.
17:09:11: Registering ResourceManager for type Font
17:09:11: ArchiveFactory for archive type FileSystem registered.
17:09:11: ArchiveFactory for archive type Zip registered.
17:09:11: DevIL version: Developer's Image Library (DevIL) 1.6.8pre Aug 22 2007
17:09:11: DevIL image formats: bmp dib cut dcx dds gif hdr ico cur jpg jpe jpeg lif mdl mng jng pcx pic pix png pbm pgm pnm ppm psd pdd psp pxr sgi bw rgb rgba tga vda icb vst tif tiff wal xpm raw 
17:09:11: DDS codec registering
17:09:11: Registering ResourceManager for type HighLevelGpuProgram
17:09:11: Registering ResourceManager for type Compositor
17:09:11: MovableObjectFactory for type 'Entity' registered.
17:09:11: MovableObjectFactory for type 'Light' registered.
17:09:11: MovableObjectFactory for type 'BillboardSet' registered.
17:09:11: MovableObjectFactory for type 'ManualObject' registered.
17:09:11: MovableObjectFactory for type 'BillboardChain' registered.
17:09:11: MovableObjectFactory for type 'RibbonTrail' registered.
17:09:11: Loading library /usr/csshare/lib/OGRE/RenderSystem_GL.so
17:09:11: Installing plugin: GL RenderSystem
17:09:11: OpenGL Rendering Subsystem created.
17:09:11: Plugin successfully installed
17:09:11: Loading library /usr/csshare/lib/OGRE/Plugin_ParticleFX.so
17:09:11: Installing plugin: ParticleFX
17:09:11: Particle Emitter Type 'Point' registered
17:09:11: Particle Emitter Type 'Box' registered
17:09:11: Particle Emitter Type 'Ellipsoid' registered
17:09:11: Particle Emitter Type 'Cylinder' registered
17:09:11: Particle Emitter Type 'Ring' registered
17:09:11: Particle Emitter Type 'HollowEllipsoid' registered
17:09:11: Particle Affector Type 'LinearForce' registered
17:09:11: Particle Affector Type 'ColourFader' registered
17:09:11: Particle Affector Type 'ColourFader2' registered
17:09:11: Particle Affector Type 'ColourImage' registered
17:09:11: Particle Affector Type 'ColourInterpolator' registered
17:09:11: Particle Affector Type 'Scaler' registered
17:09:11: Particle Affector Type 'Rotator' registered
17:09:11: Particle Affector Type 'DirectionRandomiser' registered
17:09:11: Particle Affector Type 'DeflectorPlane' registered
17:09:11: Plugin successfully installed
17:09:11: Loading library /usr/csshare/lib/OGRE/Plugin_BSPSceneManager.so
17:09:11: Installing plugin: BSP Scene Manager
17:09:11: Plugin successfully installed
17:09:11: Loading library /usr/csshare/lib/OGRE/Plugin_OctreeSceneManager.so
17:09:11: Installing plugin: Octree & Terrain Scene Manager
17:09:11: Plugin successfully installed
17:09:11: *-*-* OGRE Initialising
17:09:11: *-*-* Version 1.6.5 (Shoggoth)
17:09:11: Creating resource group Bootstrap
17:09:11: Added resource location 'media/packs/OgreCore.zip' of type 'Zip' to resource group 'Bootstrap'
17:09:11: Added resource location 'media' of type 'FileSystem' to resource group 'General'
17:09:11: Added resource location 'media/fonts' of type 'FileSystem' to resource group 'General'
17:09:11: Added resource location 'media/materials/programs' of type 'FileSystem' to resource group 'General'
17:09:11: Added resource location 'media/materials/scripts' of type 'FileSystem' to resource group 'General'
17:09:11: Added resource location 'media/materials/textures' of type 'FileSystem' to resource group 'General'
17:09:11: Added resource location 'media/models' of type 'FileSystem' to resource group 'General'
17:09:11: Added resource location 'media/overlays' of type 'FileSystem' to resource group 'General'
17:09:11: Added resource location 'media/particle' of type 'FileSystem' to resource group 'General'
17:09:11: Added resource location 'media/gui' of type 'FileSystem' to resource group 'General'
17:09:12: Added resource location 'media/DeferredShadingMedia' of type 'FileSystem' to resource group 'General'
17:09:12: Added resource location 'media/packs/cubemap.zip' of type 'Zip' to resource group 'General'
17:09:12: Added resource location 'media/packs/cubemapsJS.zip' of type 'Zip' to resource group 'General'
17:09:12: Added resource location 'media/packs/dragon.zip' of type 'Zip' to resource group 'General'
17:09:12: Added resource location 'media/packs/fresneldemo.zip' of type 'Zip' to resource group 'General'
17:09:12: Added resource location 'media/packs/ogretestmap.zip' of type 'Zip' to resource group 'General'
17:09:12: Added resource location 'media/packs/skybox.zip' of type 'Zip' to resource group 'General'
17:09:12: CPU Identifier & Features
17:09:12: -------------------------
17:09:12:  *   CPU ID: GenuineIntel: Intel(R) Xeon(R) CPU           W3505  @ 2.53GHz
17:09:12:  *      SSE: yes
17:09:12:  *     SSE2: yes
17:09:12:  *     SSE3: yes
17:09:12:  *      MMX: yes
17:09:12:  *   MMXEXT: yes
17:09:12:  *    3DNOW: no
17:09:12:  * 3DNOWEXT: no
17:09:12:  *     CMOV: yes
17:09:12:  *      TSC: yes
17:09:12:  *      FPU: yes
17:09:12:  *      PRO: yes
17:09:12:  *       HT: no
17:09:12: -------------------------
17:09:12: ******************************
*** Starting GLX Subsystem ***
******************************
17:09:12: GLRenderSystem::_createRenderWindow "Polar Mayhem", 800x600 windowed  miscParams: FSAA=0 displayFrequency=50 MHz gamma=No vsync=No 
17:09:12: GLXWindow::create used FBConfigID = 185
17:09:12: GL_VERSION = 3.3.0 NVIDIA 256.44
17:09:12: GL_VENDOR = NVIDIA Corporation
17:09:12: GL_RENDERER = Quadro FX 580/PCI/SSE2
17:09:12: GL_EXTENSIONS = GL_ARB_blend_func_extended GL_ARB_color_buffer_float GL_ARB_compatibility GL_ARB_copy_buffer GL_ARB_depth_buffer_float GL_ARB_depth_clamp GL_ARB_depth_texture GL_ARB_draw_buffers GL_ARB_draw_elements_base_vertex GL_ARB_draw_instanced GL_ARB_explicit_attrib_location GL_ARB_fragment_coord_conventions GL_ARB_fragment_program GL_ARB_fragment_program_shadow GL_ARB_fragment_shader GL_ARB_framebuffer_object GL_ARB_framebuffer_sRGB GL_ARB_geometry_shader4 GL_ARB_half_float_pixel GL_ARB_half_float_vertex GL_ARB_imaging GL_ARB_instanced_arrays GL_ARB_map_buffer_range GL_ARB_multisample GL_ARB_multitexture GL_ARB_occlusion_query GL_ARB_occlusion_query2 GL_ARB_pixel_buffer_object GL_ARB_point_parameters GL_ARB_point_sprite GL_ARB_provoking_vertex GL_ARB_sampler_objects GL_ARB_seamless_cube_map GL_ARB_shader_bit_encoding GL_ARB_shader_objects GL_ARB_shading_language_100 GL_ARB_shadow GL_ARB_sync GL_ARB_texture_border_clamp GL_ARB_texture_buffer_object GL_ARB_texture_compression GL_ARB_texture_compression_rgtc GL_ARB_texture_cube_map GL_ARB_texture_env_add GL_ARB_texture_env_combine GL_ARB_texture_env_crossbar GL_ARB_texture_env_dot3 GL_ARB_texture_float GL_ARB_texture_mirrored_repeat GL_ARB_texture_multisample GL_ARB_texture_non_power_of_two GL_ARB_texture_rectangle GL_ARB_texture_rg GL_ARB_texture_rgb10_a2ui GL_ARB_texture_swizzle GL_ARB_timer_query GL_ARB_transpose_matrix GL_ARB_uniform_buffer_object GL_ARB_vertex_array_bgra GL_ARB_vertex_array_object GL_ARB_vertex_buffer_object GL_ARB_vertex_program GL_ARB_vertex_shader GL_ARB_vertex_type_2_10_10_10_rev GL_ARB_window_pos GL_ATI_draw_buffers GL_ATI_texture_float GL_ATI_texture_mirror_once GL_S3_s3tc GL_EXT_texture_env_add GL_EXT_abgr GL_EXT_bgra GL_EXT_bindable_uniform GL_EXT_blend_color GL_EXT_blend_equation_separate GL_EXT_blend_func_separate GL_EXT_blend_minmax GL_EXT_blend_subtract GL_EXT_compiled_vertex_array GL_EXT_Cg_shader GL_EXT_depth_bounds_test GL_EXT_direct_state_access GL_EXT_draw_buffers2 GL_EXT_draw_instanced GL_EXT_draw_range_elements GL_EXT_fog_coord GL_EXT_framebuffer_blit GL_EXT_framebuffer_multisample GL_EXTX_framebuffer_mixed_formats GL_EXT_framebuffer_object GL_EXT_framebuffer_sRGB GL_EXT_geometry_shader4 GL_EXT_gpu_program_parameters GL_EXT_gpu_shader4 GL_EXT_multi_draw_arrays GL_EXT_packed_depth_stencil GL_EXT_packed_float GL_EXT_packed_pixels GL_EXT_pixel_buffer_object GL_EXT_point_parameters GL_EXT_provoking_vertex GL_EXT_rescale_normal GL_EXT_secondary_color GL_EXT_separate_shader_objects GL_EXT_separate_specular_color GL_EXT_shadow_funcs GL_EXT_stencil_two_side GL_EXT_stencil_wrap GL_EXT_texture3D GL_EXT_texture_array GL_EXT_texture_buffer_object GL_EXT_texture_compression_latc GL_EXT_texture_compression_rgtc GL_EXT_texture_compression_s3tc GL_EXT_texture_cube_map GL_EXT_texture_edge_clamp GL_EXT_texture_env_combine GL_EXT_texture_env_dot3 GL_EXT_texture_filter_anisotropic GL_EXT_texture_integer GL_EXT_texture_lod GL_EXT_texture_lod_bias GL_EXT_texture_mirror_clamp GL_EXT_texture_object GL_EXT_texture_shared_exponent GL_EXT_texture_sRGB GL_EXT_texture_swizzle GL_EXT_timer_query GL_EXT_vertex_array GL_EXT_vertex_array_bgra GL_IBM_rasterpos_clip GL_IBM_texture_mirrored_repeat GL_KTX_buffer_region GL_NV_blend_square GL_NV_conditional_render GL_NV_copy_depth_to_color GL_NV_copy_image GL_NV_depth_buffer_float GL_NV_depth_clamp GL_NV_explicit_multisample GL_NV_fence GL_NV_float_buffer GL_NV_fog_distance GL_NV_fragment_program GL_NV_fragment_program_option GL_NV_fragment_program2 GL_NV_framebuffer_multisample_coverage GL_NV_geometry_shader4 GL_NV_gpu_program4 GL_NV_half_float GL_NV_light_max_exponent GL_NV_multisample_coverage GL_NV_multisample_filter_hint GL_NV_occlusion_query GL_NV_packed_depth_stencil GL_NV_parameter_buffer_object GL_NV_parameter_buffer_object2 GL_NV_pixel_data_range GL_NV_point_sprite GL_NV_primitive_restart GL_NV_register_combiners GL_NV_register_combiners2 GL_NV_shader_buffer_load GL_NV_texgen_reflection GL_NV_texture_barrier GL_NV_texture_compression_vtc GL_NV_texture_env_combine4 GL_NV_texture_expand_normal GL_NV_texture_multisample GL_NV_texture_rectangle GL_NV_texture_shader GL_NV_texture_shader2 GL_NV_texture_shader3 GL_NV_transform_feedback GL_NV_vdpau_interop GL_NV_vertex_array_range GL_NV_vertex_array_range2 GL_NV_vertex_buffer_unified_memory GL_NV_vertex_program GL_NV_vertex_program1_1 GL_NV_vertex_program2 GL_NV_vertex_program2_option GL_NV_vertex_program3 GL_NVX_conditional_render GL_NVX_gpu_memory_info GL_SGIS_generate_mipmap GL_SGIS_texture_lod GL_SGIX_depth_texture GL_SGIX_shadow GL_SUN_slice_accum 
17:09:12: Supported GLX extensions: GLX_EXT_visual_info GLX_EXT_visual_rating GLX_SGIX_fbconfig GLX_SGIX_pbuffer GLX_SGI_video_sync GLX_SGI_swap_control GLX_EXT_swap_control GLX_EXT_texture_from_pixmap GLX_ARB_create_context GLX_ARB_create_context_profile GLX_ARB_multisample GLX_NV_float_buffer GLX_ARB_fbconfig_float GLX_NV_swap_group GLX_EXT_framebuffer_sRGB GLX_NV_multisample_coverage GLX_NV_copy_image GLX_NV_video_capture GLX_ARB_get_proc_address 
17:09:12: ***************************
17:09:12: *** GL Renderer Started ***
17:09:12: ***************************
17:09:12: Registering ResourceManager for type GpuProgram
17:09:12: GLSL support detected
17:09:12: GL: Using framebuffer copy for rendering to textures (worst)
17:09:12: GL: Warning: RenderTexture size is restricted to size of framebuffer. If you are on Linux, consider using GLX instead of SDL.
17:09:12: RenderSystem capabilities
17:09:12: -------------------------
17:09:12: RenderSystem Name: OpenGL Rendering Subsystem
17:09:12: GPU Vendor: nvidia
17:09:12: Device Name: Quadro FX 580/PCI/SSE2
17:09:12: Driver Version: 3.3.0.0
17:09:12:  * Fixed function pipeline: yes
17:09:12:  * Hardware generation of mipmaps: yes
17:09:12:  * Texture blending: yes
17:09:12:  * Anisotropic texture filtering: yes
17:09:12:  * Dot product texture operation: yes
17:09:12:  * Cube mapping: yes
17:09:12:  * Hardware stencil buffer: yes
17:09:12:    - Stencil depth: 8
17:09:12:    - Two sided stencil support: yes
17:09:12:    - Wrap stencil values: yes
17:09:12:  * Hardware vertex / index buffers: yes
17:09:12:  * Vertex programs: yes
17:09:12:  * Fragment programs: yes
17:09:12:  * Geometry programs: yes
17:09:12:  * Supported Shader Profiles: arbfp1 arbvp1 fp20 fp30 fp40 glsl gp4gp gpu_gp nvgp4 vp30 vp40
17:09:12:  * Texture Compression: yes
17:09:12:    - DXT: yes
17:09:12:    - VTC: yes
17:09:12:  * Scissor Rectangle: yes
17:09:12:  * Hardware Occlusion Query: yes
17:09:12:  * User clip planes: yes
17:09:12:  * VET_UBYTE4 vertex element type: yes
17:09:12:  * Infinite far plane projection: yes
17:09:12:  * Hardware render-to-texture: yes
17:09:12:  * Floating point textures: yes
17:09:12:  * Non-power-of-two textures: yes
17:09:12:  * Volume textures: yes
17:09:12:  * Multiple Render Targets: 1
17:09:12:    - With different bit depths: yes
17:09:12:  * Point Sprites: yes
17:09:12:  * Extended point parameters: yes
17:09:12:  * Max Point Size: 63.375
17:09:12:  * Vertex texture fetch: yes
17:09:12:    - Max vertex textures: 32
17:09:12:    - Vertex textures shared: yes
17:09:12:  * Render to Vertex Buffer : yes
17:09:12:  * GL 1.5 without VBO workaround: no
17:09:12:  * Frame Buffer objects: yes
17:09:12:  * Frame Buffer objects (ARB extension): no
17:09:12:  * Frame Buffer objects (ATI extension): no
17:09:12:  * PBuffer suppport: no
17:09:12:  * GL 1.5 without HW-occlusion workaround: no
17:09:12: Registering ResourceManager for type Texture
17:09:12: ResourceBackgroundQueue - threading disabled
17:09:12: Particle Renderer Type 'billboard' registered
17:09:12: SceneManagerFactory for type 'BspSceneManager' registered.
17:09:12: Registering ResourceManager for type BspLevel
17:09:12: SceneManagerFactory for type 'OctreeSceneManager' registered.
17:09:12: SceneManagerFactory for type 'TerrainSceneManager' registered.
17:09:12: Parsing scripts for resource group Autodetect
17:09:12: Finished parsing scripts for resource group Autodetect
17:09:12: Parsing scripts for resource group Bootstrap
17:09:12: Parsing script OgreCore.material
17:09:12: Parsing script OgreProfiler.material
17:09:12: Parsing script Ogre.fontdef
17:09:12: Parsing script OgreDebugPanel.overlay
17:09:12: Texture: New_Ogre_Border_Center.png: Loading 1 faces(PF_A8B8G8R8,256x128x1) with 5 generated mipmaps from Image. Internal format is PF_A8R8G8B8,256x128x1.
17:09:12: Texture: New_Ogre_Border.png: Loading 1 faces(PF_A8B8G8R8,256x256x1) with 5 generated mipmaps from Image. Internal format is PF_A8R8G8B8,256x256x1.
17:09:12: Texture: New_Ogre_Border_Break.png: Loading 1 faces(PF_A8B8G8R8,32x32x1) with 5 generated mipmaps from Image. Internal format is PF_A8R8G8B8,32x32x1.
17:09:12: Font BlueHighwayusing texture size 512x512
17:09:12: Info: Freetype returned null for character 127 in font BlueHighway
17:09:12: Info: Freetype returned null for character 128 in font BlueHighway
17:09:12: Info: Freetype returned null for character 129 in font BlueHighway
17:09:12: Info: Freetype returned null for character 130 in font BlueHighway
17:09:12: Info: Freetype returned null for character 131 in font BlueHighway
17:09:12: Info: Freetype returned null for character 132 in font BlueHighway
17:09:12: Info: Freetype returned null for character 133 in font BlueHighway
17:09:12: Info: Freetype returned null for character 134 in font BlueHighway
17:09:12: Info: Freetype returned null for character 135 in font BlueHighway
17:09:12: Info: Freetype returned null for character 136 in font BlueHighway
17:09:12: Info: Freetype returned null for character 137 in font BlueHighway
17:09:12: Info: Freetype returned null for character 138 in font BlueHighway
17:09:12: Info: Freetype returned null for character 139 in font BlueHighway
17:09:12: Info: Freetype returned null for character 140 in font BlueHighway
17:09:12: Info: Freetype returned null for character 141 in font BlueHighway
17:09:12: Info: Freetype returned null for character 142 in font BlueHighway
17:09:12: Info: Freetype returned null for character 143 in font BlueHighway
17:09:12: Info: Freetype returned null for character 144 in font BlueHighway
17:09:12: Info: Freetype returned null for character 145 in font BlueHighway
17:09:12: Info: Freetype returned null for character 146 in font BlueHighway
17:09:12: Info: Freetype returned null for character 147 in font BlueHighway
17:09:12: Info: Freetype returned null for character 148 in font BlueHighway
17:09:12: Info: Freetype returned null for character 149 in font BlueHighway
17:09:12: Info: Freetype returned null for character 150 in font BlueHighway
17:09:12: Info: Freetype returned null for character 151 in font BlueHighway
17:09:12: Info: Freetype returned null for character 152 in font BlueHighway
17:09:12: Info: Freetype returned null for character 153 in font BlueHighway
17:09:12: Info: Freetype returned null for character 154 in font BlueHighway
17:09:12: Info: Freetype returned null for character 155 in font BlueHighway
17:09:12: Info: Freetype returned null for character 156 in font BlueHighway
17:09:12: Info: Freetype returned null for character 157 in font BlueHighway
17:09:12: Info: Freetype returned null for character 158 in font BlueHighway
17:09:12: Info: Freetype returned null for character 159 in font BlueHighway
17:09:12: Info: Freetype returned null for character 160 in font BlueHighway
17:09:12: Texture: BlueHighwayTexture: Loading 1 faces(PF_BYTE_LA,512x512x1) with 0 generated mipmaps from Image. Internal format is PF_BYTE_LA,512x512x1.
17:09:12: Texture: ogretext.png: Loading 1 faces(PF_A8B8G8R8,256x128x1) with 5 generated mipmaps from Image. Internal format is PF_A8R8G8B8,256x128x1.
17:09:12: Parsing script OgreLoadingPanel.overlay
17:09:12: Finished parsing scripts for resource group Bootstrap
17:09:12: Parsing scripts for resource group General
17:09:12: Parsing script Examples.program
17:09:12: GLSL compiling: Ogre/BasicVertexPrograms/AmbientOneTextureGLSL
17:09:12: GLSL compiled : Ogre/BasicVertexPrograms/AmbientOneTextureGLSL
17:09:12: GLSL compiling: Ogre/HardwareSkinningTwoWeightsGLSL
17:09:12: GLSL compiled : Ogre/HardwareSkinningTwoWeightsGLSL
17:09:12: Parsing script StdQuad_vp.program
17:09:12: Parsing script deferred.glsl.program
17:09:12: GLSL compiling: DeferredShading/material/glsl/ps
17:09:12: GLSL compiled : DeferredShading/material/glsl/ps
17:09:12: GLSL compiling: DeferredShading/material/glsl/notex_ps
17:09:12: GLSL compiled : DeferredShading/material/glsl/notex_ps
17:09:12: GLSL compiling: DeferredShading/material/glsl/nm_ps
17:09:12: GLSL compiled : DeferredShading/material/glsl/nm_ps
17:09:12: GLSL compiling: DeferredShading/material/glsl/nm_notex_ps
17:09:12: GLSL compiled : DeferredShading/material/glsl/nm_notex_ps
17:09:12: Parsing script deferred.hlsl.program
17:09:12: Parsing script deferred_post_debug.glsl.program
17:09:12: GLSL compiling: DeferredShading/post/glsl/ShowNormal_ps
17:09:12: GLSL compiled : DeferredShading/post/glsl/ShowNormal_ps
17:09:12: GLSL compiling: DeferredShading/post/glsl/ShowDS_ps
17:09:12: GLSL compiled : DeferredShading/post/glsl/ShowDS_ps
17:09:12: GLSL compiling: DeferredShading/post/glsl/ShowColour_ps
17:09:12: GLSL compiled : DeferredShading/post/glsl/ShowColour_ps
17:09:12: Parsing script deferred_post_debug.hlsl.program
17:09:12: Parsing script deferred_post_minilight.glsl.program
17:09:12: GLSL compiling: DeferredShading/post/glsl/LightMaterial_vs
17:09:12: GLSL compiled : DeferredShading/post/glsl/LightMaterial_vs
17:09:12: GLSL compiling: DeferredShading/post/glsl/LightMaterial_ps
17:09:12: GLSL compiled : DeferredShading/post/glsl/LightMaterial_ps
17:09:12: Parsing script deferred_post_minilight.hlsl.program
17:09:12: Parsing script deferred_post_multipass.glsl.program
17:09:12: GLSL compiling: DeferredShading/post/glsl/Ambient_ps
17:09:12: GLSL compiled : DeferredShading/post/glsl/Ambient_ps
17:09:12: GLSL compiling: DeferredShading/post/glsl/GlobalLight_ps
17:09:12: GLSL compiled : DeferredShading/post/glsl/GlobalLight_ps
17:09:12: Parsing script deferred_post_multipass.hlsl.program
17:09:12: Parsing script deferred_post_onepass.glsl.program
17:09:12: GLSL compiling: DeferredShading/post/glsl/vs
17:09:12: GLSL compiled : DeferredShading/post/glsl/vs
17:09:12: GLSL compiling: DeferredShading/post/glsl/SinglePass_ps
17:09:12: GLSL compiled : DeferredShading/post/glsl/SinglePass_ps
17:09:12: Parsing script deferred_post_onepass.hlsl.program
17:09:12: Parsing script Material.material
17:09:12: Compiler error: unknown error in Material.material(27): token "scene_blend_op" is not recognized
17:09:12: Parsing script BlackAndWhite.material
17:09:12: Parsing script Bloom.material
17:09:12: GLSL compiling: Blur_ps_glsl
17:09:12: GLSL compiled : Blur_ps_glsl
17:09:12: GLSL compiling: Blur0_vs_glsl
17:09:12: GLSL compiled : Blur0_vs_glsl
17:09:12: GLSL compiling: Blur1_vs_glsl
17:09:12: GLSL compiled : Blur1_vs_glsl
17:09:12: Parsing script DOF.material
17:09:12: Compiler error: object name expected in DOF.material(55)
17:09:12: Parsing script DepthShadowmap.material
17:09:12: GLSL compiling: Ogre/DepthShadowmap/CasterVP_GLSL
17:09:12: GLSL compiled : Ogre/DepthShadowmap/CasterVP_GLSL
17:09:12: GLSL compiling: Ogre/DepthShadowmap/CasterFP_GLSL
17:09:12: GLSL compiled : Ogre/DepthShadowmap/CasterFP_GLSL
17:09:12: GLSL compiling: Ogre/DepthShadowmap/ReceiverVP_GLSL
17:09:12: GLSL compiled : Ogre/DepthShadowmap/ReceiverVP_GLSL
17:09:12: GLSL compiling: Ogre/DepthShadowmap/ReceiverFP_GLSL
17:09:12: GLSL compiled : Ogre/DepthShadowmap/ReceiverFP_GLSL
17:09:12: GLSL compiling: Ogre/DepthShadowmap/ReceiverFPPCF_GLSL
17:09:12: GLSL compiled : Ogre/DepthShadowmap/ReceiverFPPCF_GLSL
17:09:12: GLSL compiling: Ogre/DepthShadowmap/NormalMapReceiverVP_GLSL
17:09:12: GLSL compiled : Ogre/DepthShadowmap/NormalMapReceiverVP_GLSL
17:09:12: GLSL compiling: Ogre/DepthShadowmap/NormalMapReceiverFP_GLSL
17:09:12: GLSL compiled : Ogre/DepthShadowmap/NormalMapReceiverFP_GLSL
17:09:12: GLSL compiling: Ogre/DepthShadowmap/NormalMapReceiverFPPCF_GLSL
17:09:12: GLSL compiled : Ogre/DepthShadowmap/NormalMapReceiverFPPCF_GLSL
17:09:12: Parsing script Embossed.material
17:09:12: Parsing script Example-DynTex.material
17:09:12: Parsing script Example-Water.material
17:09:12: Parsing script Example.material
17:09:12: GLSL compiling: Ogre/HardwareSkinningTwoWeightsShadowCasterGLSL
17:09:12: GLSL compiled : Ogre/HardwareSkinningTwoWeightsShadowCasterGLSL
17:09:12: Parsing script Examples-Advanced.material
17:09:12: Compiler error: object unsupported by render system in Examples-Advanced.material(648)
17:09:12: Parsing script Glass.material
17:09:12: Parsing script HeatVision.material
17:09:12: Parsing script Hurt.material
17:09:12: Parsing script Invert.material
17:09:12: Parsing script Laplace.material
17:09:12: Parsing script MotionBlur.material
17:09:12: Parsing script Ocean.material
17:09:12: GLSL compiling: GLSL/OceanVS
17:09:12: GLSL compiled : GLSL/OceanVS
17:09:12: GLSL compiling: GLSL/OceanFS
17:09:12: GLSL compiled : GLSL/OceanFS
17:09:12: GLSL compiling: GLSL/Ocean2VS
17:09:12: GLSL compiled : GLSL/Ocean2VS
17:09:12: GLSL compiling: GLSL/Ocean2FS
17:09:12: GLSL compiled : GLSL/Ocean2FS
17:09:12: Parsing script OffsetMapping.material
17:09:12: Compiler error: object unsupported by render system in OffsetMapping.material(18)
17:09:12: GLSL compiling: Examples/OffsetMappingIntegratedShadowsFPglsl
17:09:12: GLSL compiled : Examples/OffsetMappingIntegratedShadowsFPglsl
17:09:12: GLSL compiling: Examples/OffsetMappingIntegratedShadowsVPglsl
17:09:12: GLSL compiled : Examples/OffsetMappingIntegratedShadowsVPglsl
17:09:12: Parsing script Ogre.material
17:09:12: Parsing script OldMovie.material
17:09:12: Parsing script OldTV.material
17:09:12: Parsing script Posterize.material
17:09:12: Parsing script RZR-002.material
17:09:12: Parsing script SharpenEdges.material
17:09:12: Parsing script Tiling.material
17:09:12: Parsing script VarianceShadowmap.material
17:09:12: Parsing script facial.material
17:09:12: Parsing script hdr.material
17:09:12: GLSL compiling: Ogre/Compositor/HDR/downscale2x2LuminenceGLSL_fp
17:09:12: GLSL compiled : Ogre/Compositor/HDR/downscale2x2LuminenceGLSL_fp
17:09:12: GLSL compiling: Ogre/Compositor/StdQuad_GLSL_vp
17:09:12: GLSL compiled : Ogre/Compositor/StdQuad_GLSL_vp
17:09:12: GLSL compiling: Ogre/Compositor/HDR/downscale3x3GLSL_fp
17:09:12: GLSL compiled : Ogre/Compositor/HDR/downscale3x3GLSL_fp
17:09:12: GLSL compiling: Ogre/Compositor/HDR/utils_fp
17:09:12: GLSL compiled : Ogre/Compositor/HDR/utils_fp
17:09:12: GLSL compiling: Ogre/Compositor/HDR/downscale3x3brightpassGLSL_fp
17:09:12: GLSL compiled : Ogre/Compositor/HDR/downscale3x3brightpassGLSL_fp
17:09:12: GLSL compiling: Ogre/Compositor/HDR/bloomGLSL_fp
17:09:12: GLSL compiled : Ogre/Compositor/HDR/bloomGLSL_fp
17:09:12: GLSL compiling: Ogre/Compositor/HDR/utils_fp
17:09:12: GLSL compiled : Ogre/Compositor/HDR/utils_fp
17:09:12: GLSL compiling: Ogre/Compositor/HDR/finaltonemappingGLSL_fp
17:09:12: GLSL compiled : Ogre/Compositor/HDR/finaltonemappingGLSL_fp
17:09:12: Parsing script instancing.material
17:09:12: GLSL compiling: InstancingGLSL
17:09:12: GLSL compiled : InstancingGLSL
17:09:12: GLSL compiling: InstancingShadowCasterGLSL
17:09:12: GLSL compiled : InstancingShadowCasterGLSL
17:09:12: GLSL compiling: CrowdGLSL
17:09:12: GLSL compiled : CrowdGLSL
17:09:12: GLSL compiling: CrowdShadowCasterGLSL
17:09:12: GLSL compiled : CrowdShadowCasterGLSL
17:09:12: Parsing script smoke.material
17:09:12: Parsing script Cylinder.material
17:09:12: Parsing script Cylinder_Material.material
17:09:12: Parsing script bear.material
17:09:12: Parsing script fishing_hole.material
17:09:12: Parsing script snow.material
17:09:12: Parsing script tux.material
17:09:12: Parsing script deferred.material
17:09:12: GLSL compiling: DeferredShading/material/glsl/vs
17:09:12: GLSL compiled : DeferredShading/material/glsl/vs
17:09:12: GLSL compiling: DeferredShading/material/glsl/nm_vs
17:09:12: GLSL compiled : DeferredShading/material/glsl/nm_vs
17:09:12: Parsing script deferred_post_debug.material
17:09:12: Parsing script deferred_post_minilight.material
17:09:12: Parsing script deferred_post_multipass.material
17:09:12: Parsing script deferred_post_onepass.material
17:09:12: Parsing script deferreddemo.material
17:09:12: Compiler error: unknown error in deferreddemo.material(22): base object named "DeferredShading/Material/TexturedPhong" not found in script definition
17:09:12: Compiler error: unknown error in deferreddemo.material(47): base object named "DeferredShading/Material/TexturedNormalMapped" not found in script definition
17:09:12: Compiler error: unknown error in deferreddemo.material(81): base object named "DeferredShading/Material/UntexturedNormalMapped" not found in script definition
17:09:12: Compiler error: unknown error in deferreddemo.material(114): base object named "DeferredShading/Material/TexturedPhong" not found in script definition
17:09:12: Compiler error: unknown error in deferreddemo.material(141): base object named "DeferredShading/Material/UntexturedPhong" not found in script definition
17:09:12: Compiler error: unknown error in deferreddemo.material(166): base object named "DeferredShading/Material/TexturedPhong" not found in script definition
17:09:12: Compiler error: unknown error in deferreddemo.material(197): base object named "DeferredShading/Material/TexturedPhong" not found in script definition
17:09:12: Compiler error: object name expected in deferreddemo.material(91)
17:09:12: Compiler error: object name expected in deferreddemo.material(105)
17:09:12: Compiler error: object name expected in deferreddemo.material(147)
17:09:12: Compiler error: object name expected in deferreddemo.material(158)
17:09:12: Compiler error: object name expected in deferreddemo.material(172)
17:09:12: Compiler error: object name expected in deferreddemo.material(186)
17:09:12: Compiler error: object name expected in deferreddemo.material(203)
17:09:12: Compiler error: object name expected in deferreddemo.material(217)
17:09:12: Parsing script RomanBath.material
17:09:12: Parsing script Example-Water.particle
17:09:12: Parsing script Example.particle
17:09:12: Parsing script emitted_emitter.particle
17:09:12: Parsing script smoke.particle
17:09:12: Parsing script Examples.compositor
17:09:12: Parsing script sample.fontdef
17:09:12: Parsing script myfont.fontdef
17:09:12: Parsing script Compositor.overlay
17:09:12: Parsing script DP3.overlay
17:09:12: Parsing script Example-CubeMapping.overlay
17:09:12: Parsing script Example-DynTex.overlay
17:09:12: Parsing script Example-Water.overlay
17:09:12: Parsing script Shadows.overlay
17:09:12: Finished parsing scripts for resource group General
17:09:12: Parsing scripts for resource group Internal
17:09:12: Finished parsing scripts for resource group Internal
17:09:12: Texture: TaharezLook.tga: Loading 1 faces(PF_A8R8G8B8,256x256x1) with 0 generated mipmaps from Image. Internal format is PF_A8R8G8B8,256x256x1.
17:09:12: Mesh: Loading bear.mesh.
17:09:12: Skeleton: Loading Bear.skeleton
17:09:12: OGRE EXCEPTION(9:UnimplementedException): IL Error in jpeg library error at OgreILImageCodec.cpp (line 133)
17:09:12: Error loading texture COSMIC. Texture layer will be blank. Loading the texture failed with the following exception: OGRE EXCEPTION(9:UnimplementedException): IL Error in jpeg library error at OgreILImageCodec.cpp (line 133)
17:09:12: OGRE EXCEPTION(9:UnimplementedException): IL Error in jpeg library error at OgreILImageCodec.cpp (line 133)
17:09:12: Error loading texture COSMIC. Texture layer will be blank. Loading the texture failed with the following exception: OGRE EXCEPTION(9:UnimplementedException): IL Error in jpeg library error at OgreILImageCodec.cpp (line 133)
17:09:13: Texture: Sickle1.jpg: Loading 1 faces(PF_B8G8R8,4214x2218x1) with 5 generated mipmaps from Image. Internal format is PF_X8R8G8B8,4214x2218x1.
17:09:14: OGRE EXCEPTION(9:UnimplementedException): IL Error in jpeg library error at OgreILImageCodec.cpp (line 133)
17:09:14: Error loading texture COSMIC. Texture layer will be blank. Loading the texture failed with the following exception: OGRE EXCEPTION(9:UnimplementedException): IL Error in jpeg library error at OgreILImageCodec.cpp (line 133)
17:09:14: OGRE EXCEPTION(9:UnimplementedException): IL Error in jpeg library error at OgreILImageCodec.cpp (line 133)
17:09:14: Error loading texture COSMIC. Texture layer will be blank. Loading the texture failed with the following exception: OGRE EXCEPTION(9:UnimplementedException): IL Error in jpeg library error at OgreILImageCodec.cpp (line 133)
17:09:14: Texture: Polar-Bear-standing.jpg: Loading 1 faces(PF_B8G8R8,198x300x1) with 5 generated mipmaps from Image. Internal format is PF_X8R8G8B8,198x300x1.
17:09:14: OGRE EXCEPTION(9:UnimplementedException): IL Error in jpeg library error at OgreILImageCodec.cpp (line 133)
17:09:14: Error loading texture COSMIC. Texture layer will be blank. Loading the texture failed with the following exception: OGRE EXCEPTION(9:UnimplementedException): IL Error in jpeg library error at OgreILImageCodec.cpp (line 133)
17:09:14: OGRE EXCEPTION(9:UnimplementedException): IL Error in jpeg library error at OgreILImageCodec.cpp (line 133)
17:09:14: Error loading texture COSMIC. Texture layer will be blank. Loading the texture failed with the following exception: OGRE EXCEPTION(9:UnimplementedException): IL Error in jpeg library error at OgreILImageCodec.cpp (line 133)
17:09:14: OGRE EXCEPTION(9:UnimplementedException): IL Error in jpeg library error at OgreILImageCodec.cpp (line 133)
17:09:14: Error loading texture COSMIC. Texture layer will be blank. Loading the texture failed with the following exception: OGRE EXCEPTION(9:UnimplementedException): IL Error in jpeg library error at OgreILImageCodec.cpp (line 133)
17:09:14: OGRE EXCEPTION(9:UnimplementedException): IL Error in jpeg library error at OgreILImageCodec.cpp (line 133)
17:09:14: Error loading texture COSMIC. Texture layer will be blank. Loading the texture failed with the following exception: OGRE EXCEPTION(9:UnimplementedException): IL Error in jpeg library error at OgreILImageCodec.cpp (line 133)
17:09:14: Texture: communist_bear_by_djsic-d301ve0.jpg: Loading 1 faces(PF_B8G8R8,900x704x1) with 5 generated mipmaps from Image. Internal format is PF_X8R8G8B8,900x704x1.
17:09:14: OGRE EXCEPTION(9:UnimplementedException): IL Error in jpeg library error at OgreILImageCodec.cpp (line 133)
17:09:14: Error loading texture COSMIC. Texture layer will be blank. Loading the texture failed with the following exception: OGRE EXCEPTION(9:UnimplementedException): IL Error in jpeg library error at OgreILImageCodec.cpp (line 133)
17:09:14: OGRE EXCEPTION(9:UnimplementedException): IL Error in jpeg library error at OgreILImageCodec.cpp (line 133)
17:09:14: Error loading texture COSMIC. Texture layer will be blank. Loading the texture failed with the following exception: OGRE EXCEPTION(9:UnimplementedException): IL Error in jpeg library error at OgreILImageCodec.cpp (line 133)
17:09:14: OGRE EXCEPTION(9:UnimplementedException): IL Error in jpeg library error at OgreILImageCodec.cpp (line 133)
17:09:14: Error loading texture COSMIC. Texture layer will be blank. Loading the texture failed with the following exception: OGRE EXCEPTION(9:UnimplementedException): IL Error in jpeg library error at OgreILImageCodec.cpp (line 133)
17:09:14: OGRE EXCEPTION(9:UnimplementedException): IL Error in jpeg library error at OgreILImageCodec.cpp (line 133)
17:09:14: Error loading texture COSMIC. Texture layer will be blank. Loading the texture failed with the following exception: OGRE EXCEPTION(9:UnimplementedException): IL Error in jpeg library error at OgreILImageCodec.cpp (line 133)
17:09:14: OGRE EXCEPTION(9:UnimplementedException): IL Error in jpeg library error at OgreILImageCodec.cpp (line 133)
17:09:14: Error loading texture COSMIC. Texture layer will be blank. Loading the texture failed with the following exception: OGRE EXCEPTION(9:UnimplementedException): IL Error in jpeg library error at OgreILImageCodec.cpp (line 133)
17:09:14: OGRE EXCEPTION(9:UnimplementedException): IL Error in jpeg library error at OgreILImageCodec.cpp (line 133)
17:09:14: Error loading texture COSMIC. Texture layer will be blank. Loading the texture failed with the following exception: OGRE EXCEPTION(9:UnimplementedException): IL Error in jpeg library error at OgreILImageCodec.cpp (line 133)
17:09:14: OGRE EXCEPTION(9:UnimplementedException): IL Error in jpeg library error at OgreILImageCodec.cpp (line 133)
17:09:14: Error loading texture COSMIC. Texture layer will be blank. Loading the texture failed with the following exception: OGRE EXCEPTION(9:UnimplementedException): IL Error in jpeg library error at OgreILImageCodec.cpp (line 133)
17:09:14: OGRE EXCEPTION(9:UnimplementedException): IL Error in jpeg library error at OgreILImageCodec.cpp (line 133)
17:09:14: Error loading texture COSMIC. Texture layer will be blank. Loading the texture failed with the following exception: OGRE EXCEPTION(9:UnimplementedException): IL Error in jpeg library error at OgreILImageCodec.cpp (line 133)
17:09:14: OGRE EXCEPTION(9:UnimplementedException): IL Error in jpeg library error at OgreILImageCodec.cpp (line 133)
17:09:14: Error loading texture COSMIC. Texture layer will be blank. Loading the texture failed with the following exception: OGRE EXCEPTION(9:UnimplementedException): IL Error in jpeg library error at OgreILImageCodec.cpp (line 133)
17:09:14: OGRE EXCEPTION(9:UnimplementedException): IL Error in jpeg library error at OgreILImageCodec.cpp (line 133)
17:09:14: Error loading texture COSMIC. Texture layer will be blank. Loading the texture failed with the following exception: OGRE EXCEPTION(9:UnimplementedException): IL Error in jpeg library error at OgreILImageCodec.cpp (line 133)
17:09:14: OGRE EXCEPTION(9:UnimplementedException): IL Error in jpeg library error at OgreILImageCodec.cpp (line 133)
17:09:14: Error loading texture COSMIC. Texture layer will be blank. Loading the texture failed with the following exception: OGRE EXCEPTION(9:UnimplementedException): IL Error in jpeg library error at OgreILImageCodec.cpp (line 133)
17:09:14: OGRE EXCEPTION(9:UnimplementedException): IL Error in jpeg library error at OgreILImageCodec.cpp (line 133)
17:09:14: Error loading texture COSMIC. Texture layer will be blank. Loading the texture failed with the following exception: OGRE EXCEPTION(9:UnimplementedException): IL Error in jpeg library error at OgreILImageCodec.cpp (line 133)
17:09:14: OGRE EXCEPTION(9:UnimplementedException): IL Error in jpeg library error at OgreILImageCodec.cpp (line 133)
17:09:14: Error loading texture COSMIC. Texture layer will be blank. Loading the texture failed with the following exception: OGRE EXCEPTION(9:UnimplementedException): IL Error in jpeg library error at OgreILImageCodec.cpp (line 133)
17:09:14: OGRE EXCEPTION(9:UnimplementedException): IL Error in jpeg library error at OgreILImageCodec.cpp (line 133)
17:09:14: Error loading texture COSMIC. Texture layer will be blank. Loading the texture failed with the following exception: OGRE EXCEPTION(9:UnimplementedException): IL Error in jpeg library error at OgreILImageCodec.cpp (line 133)
17:09:14: OGRE EXCEPTION(9:UnimplementedException): IL Error in jpeg library error at OgreILImageCodec.cpp (line 133)
17:09:14: Error loading texture COSMIC. Texture layer will be blank. Loading the texture failed with the following exception: OGRE EXCEPTION(9:UnimplementedException): IL Error in jpeg library error at OgreILImageCodec.cpp (line 133)
17:09:14: OGRE EXCEPTION(9:UnimplementedException): IL Error in jpeg library error at OgreILImageCodec.cpp (line 133)
17:09:14: Error loading texture COSMIC. Texture layer will be blank. Loading the texture failed with the following exception: OGRE EXCEPTION(9:UnimplementedException): IL Error in jpeg library error at OgreILImageCodec.cpp (line 133)
17:09:14: OGRE EXCEPTION(9:UnimplementedException): IL Error in jpeg library error at OgreILImageCodec.cpp (line 133)
17:09:14: Error loading texture COSMIC. Texture layer will be blank. Loading the texture failed with the following exception: OGRE EXCEPTION(9:UnimplementedException): IL Error in jpeg library error at OgreILImageCodec.cpp (line 133)
17:09:14: OGRE EXCEPTION(9:UnimplementedException): IL Error in jpeg library error at OgreILImageCodec.cpp (line 133)
17:09:14: Error loading texture COSMIC. Texture layer will be blank. Loading the texture failed with the following exception: OGRE EXCEPTION(9:UnimplementedException): IL Error in jpeg library error at OgreILImageCodec.cpp (line 133)
17:09:14: OGRE EXCEPTION(9:UnimplementedException): IL Error in jpeg library error at OgreILImageCodec.cpp (line 133)
17:09:14: Error loading texture COSMIC. Texture layer will be blank. Loading the texture failed with the following exception: OGRE EXCEPTION(9:UnimplementedException): IL Error in jpeg library error at OgreILImageCodec.cpp (line 133)
17:09:14: OGRE EXCEPTION(9:UnimplementedException): IL Error in jpeg library error at OgreILImageCodec.cpp (line 133)
17:09:14: Error loading texture COSMIC. Texture layer will be blank. Loading the texture failed with the following exception: OGRE EXCEPTION(9:UnimplementedException): IL Error in jpeg library error at OgreILImageCodec.cpp (line 133)
17:09:14: OGRE EXCEPTION(9:UnimplementedException): IL Error in jpeg library error at OgreILImageCodec.cpp (line 133)
17:09:14: Error loading texture COSMIC. Texture layer will be blank. Loading the texture failed with the following exception: OGRE EXCEPTION(9:UnimplementedException): IL Error in jpeg library error at OgreILImageCodec.cpp (line 133)
17:09:14: OGRE EXCEPTION(9:UnimplementedException): IL Error in jpeg library error at OgreILImageCodec.cpp (line 133)
17:09:14: Error loading texture COSMIC. Texture layer will be blank. Loading the texture failed with the following exception: OGRE EXCEPTION(9:UnimplementedException): IL Error in jpeg library error at OgreILImageCodec.cpp (line 133)
17:09:14: OGRE EXCEPTION(9:UnimplementedException): IL Error in jpeg library error at OgreILImageCodec.cpp (line 133)
17:09:14: Error loading texture COSMIC. Texture layer will be blank. Loading the texture failed with the following exception: OGRE EXCEPTION(9:UnimplementedException): IL Error in jpeg library error at OgreILImageCodec.cpp (line 133)
17:09:14: OGRE EXCEPTION(9:UnimplementedException): IL Error in jpeg library error at OgreILImageCodec.cpp (line 133)
17:09:14: Error loading texture COSMIC. Texture layer will be blank. Loading the texture failed with the following exception: OGRE EXCEPTION(9:UnimplementedException): IL Error in jpeg library error at OgreILImageCodec.cpp (line 133)
17:09:14: OGRE EXCEPTION(9:UnimplementedException): IL Error in jpeg library error at OgreILImageCodec.cpp (line 133)
17:09:14: Error loading texture COSMIC. Texture layer will be blank. Loading the texture failed with the following exception: OGRE EXCEPTION(9:UnimplementedException): IL Error in jpeg library error at OgreILImageCodec.cpp (line 133)
17:09:14: OGRE EXCEPTION(9:UnimplementedException): IL Error in jpeg library error at OgreILImageCodec.cpp (line 133)
17:09:14: Error loading texture COSMIC. Texture layer will be blank. Loading the texture failed with the following exception: OGRE EXCEPTION(9:UnimplementedException): IL Error in jpeg library error at OgreILImageCodec.cpp (line 133)
17:09:14: OGRE EXCEPTION(9:UnimplementedException): IL Error in jpeg library error at OgreILImageCodec.cpp (line 133)
17:09:14: Error loading texture COSMIC. Texture layer will be blank. Loading the texture failed with the following exception: OGRE EXCEPTION(9:UnimplementedException): IL Error in jpeg library error at OgreILImageCodec.cpp (line 133)
17:09:14: OGRE EXCEPTION(9:UnimplementedException): IL Error in jpeg library error at OgreILImageCodec.cpp (line 133)
17:09:14: Error loading texture COSMIC. Texture layer will be blank. Loading the texture failed with the following exception: OGRE EXCEPTION(9:UnimplementedException): IL Error in jpeg library error at OgreILImageCodec.cpp (line 133)
17:09:14: OGRE EXCEPTION(9:UnimplementedException): IL Error in jpeg library error at OgreILImageCodec.cpp (line 133)
17:09:14: Error loading texture COSMIC. Texture layer will be blank. Loading the texture failed with the following exception: OGRE EXCEPTION(9:UnimplementedException): IL Error in jpeg library error at OgreILImageCodec.cpp (line 133)
17:09:14: OGRE EXCEPTION(9:UnimplementedException): IL Error in jpeg library error at OgreILImageCodec.cpp (line 133)
17:09:14: Error loading texture COSMIC. Texture layer will be blank. Loading the texture failed with the following exception: OGRE EXCEPTION(9:UnimplementedException): IL Error in jpeg library error at OgreILImageCodec.cpp (line 133)
17:09:14: OGRE EXCEPTION(9:UnimplementedException): IL Error in jpeg library error at OgreILImageCodec.cpp (line 133)
17:09:14: Error loading texture COSMIC. Texture layer will be blank. Loading the texture failed with the following exception: OGRE EXCEPTION(9:UnimplementedException): IL Error in jpeg library error at OgreILImageCodec.cpp (line 133)
17:09:14: OGRE EXCEPTION(9:UnimplementedException): IL Error in jpeg library error at OgreILImageCodec.cpp (line 133)
17:09:14: Error loading texture COSMIC. Texture layer will be blank. Loading the texture failed with the following exception: OGRE EXCEPTION(9:UnimplementedException): IL Error in jpeg library error at OgreILImageCodec.cpp (line 133)
17:09:14: OGRE EXCEPTION(9:UnimplementedException): IL Error in jpeg library error at OgreILImageCodec.cpp (line 133)
17:09:14: Error loading texture COSMIC. Texture layer will be blank. Loading the texture failed with the following exception: OGRE EXCEPTION(9:UnimplementedException): IL Error in jpeg library error at OgreILImageCodec.cpp (line 133)
17:09:14: OGRE EXCEPTION(9:UnimplementedException): IL Error in jpeg library error at OgreILImageCodec.cpp (line 133)
17:09:14: Error loading texture COSMIC. Texture layer will be blank. Loading the texture failed with the following exception: OGRE EXCEPTION(9:UnimplementedException): IL Error in jpeg library error at OgreILImageCodec.cpp (line 133)
17:09:14: OGRE EXCEPTION(9:UnimplementedException): IL Error in jpeg library error at OgreILImageCodec.cpp (line 133)
17:09:14: Error loading texture COSMIC. Texture layer will be blank. Loading the texture failed with the following exception: OGRE EXCEPTION(9:UnimplementedException): IL Error in jpeg library error at OgreILImageCodec.cpp (line 133)
17:09:14: OGRE EXCEPTION(9:UnimplementedException): IL Error in jpeg library error at OgreILImageCodec.cpp (line 133)
17:09:14: Error loading texture COSMIC. Texture layer will be blank. Loading the texture failed with the following exception: OGRE EXCEPTION(9:UnimplementedException): IL Error in jpeg library error at OgreILImageCodec.cpp (line 133)
17:09:14: OGRE EXCEPTION(9:UnimplementedException): IL Error in jpeg library error at OgreILImageCodec.cpp (line 133)
17:09:14: Error loading texture COSMIC. Texture layer will be blank. Loading the texture failed with the following exception: OGRE EXCEPTION(9:UnimplementedException): IL Error in jpeg library error at OgreILImageCodec.cpp (line 133)
17:09:14: OGRE EXCEPTION(9:UnimplementedException): IL Error in jpeg library error at OgreILImageCodec.cpp (line 133)
17:09:14: Error loading texture COSMIC. Texture layer will be blank. Loading the texture failed with the following exception: OGRE EXCEPTION(9:UnimplementedException): IL Error in jpeg library error at OgreILImageCodec.cpp (line 133)
17:09:14: OGRE EXCEPTION(9:UnimplementedException): IL Error in jpeg library error at OgreILImageCodec.cpp (line 133)
17:09:14: Error loading texture COSMIC. Texture layer will be blank. Loading the texture failed with the following exception: OGRE EXCEPTION(9:UnimplementedException): IL Error in jpeg library error at OgreILImageCodec.cpp (line 133)
17:09:14: OGRE EXCEPTION(9:UnimplementedException): IL Error in jpeg library error at OgreILImageCodec.cpp (line 133)
17:09:14: Error loading texture COSMIC. Texture layer will be blank. Loading the texture failed with the following exception: OGRE EXCEPTION(9:UnimplementedException): IL Error in jpeg library error at OgreILImageCodec.cpp (line 133)
17:09:14: Mesh: Loading tux.mesh.
17:09:14: Skeleton: Loading tux.skeleton
17:09:14: Texture: tux.png: Loading 1 faces(PF_B8G8R8,512x512x1) with 5 generated mipmaps from Image. Internal format is PF_X8R8G8B8,512x512x1.
17:09:14: WARNING: the mesh 'tux.mesh' includes vertices with more than 4 bone assignments. The lowest weighted assignments beyond this limit have been removed, so your animation may look slightly different. To eliminate this, reduce the number of bone assignments per vertex on your mesh to 4.
17:09:14: Mesh: Loading Cylinder.mesh.
17:09:14: Texture: snow_1024.jpg: Loading 1 faces(PF_B8G8R8,1024x1024x1) with 5 generated mipmaps from Image. Internal format is PF_X8R8G8B8,1024x1024x1.
17:09:14: Mesh: Loading fishing_hole.mesh.
17:09:14: Texture: fishing_hole_drift.jpg: Loading 1 faces(PF_B8G8R8,600x450x1) with 5 generated mipmaps from Image. Internal format is PF_X8R8G8B8,600x450x1.
17:09:14: Font MyFontusing texture size 512x256
17:09:14: Info: Freetype returned null for character 127 in font MyFont
17:09:14: Info: Freetype returned null for character 128 in font MyFont
17:09:14: Info: Freetype returned null for character 129 in font MyFont
17:09:14: Info: Freetype returned null for character 130 in font MyFont
17:09:14: Info: Freetype returned null for character 131 in font MyFont
17:09:14: Info: Freetype returned null for character 132 in font MyFont
17:09:14: Info: Freetype returned null for character 133 in font MyFont
17:09:14: Info: Freetype returned null for character 134 in font MyFont
17:09:14: Info: Freetype returned null for character 135 in font MyFont
17:09:14: Info: Freetype returned null for character 136 in font MyFont
17:09:14: Info: Freetype returned null for character 137 in font MyFont
17:09:14: Info: Freetype returned null for character 138 in font MyFont
17:09:14: Info: Freetype returned null for character 139 in font MyFont
17:09:14: Info: Freetype returned null for character 140 in font MyFont
17:09:14: Info: Freetype returned null for character 141 in font MyFont
17:09:14: Info: Freetype returned null for character 142 in font MyFont
17:09:14: Info: Freetype returned null for character 143 in font MyFont
17:09:14: Info: Freetype returned null for character 144 in font MyFont
17:09:14: Info: Freetype returned null for character 145 in font MyFont
17:09:14: Info: Freetype returned null for character 146 in font MyFont
17:09:14: Info: Freetype returned null for character 147 in font MyFont
17:09:14: Info: Freetype returned null for character 148 in font MyFont
17:09:14: Info: Freetype returned null for character 149 in font MyFont
17:09:14: Info: Freetype returned null for character 150 in font MyFont
17:09:14: Info: Freetype returned null for character 151 in font MyFont
17:09:14: Info: Freetype returned null for character 152 in font MyFont
17:09:14: Info: Freetype returned null for character 153 in font MyFont
17:09:14: Info: Freetype returned null for character 154 in font MyFont
17:09:14: Info: Freetype returned null for character 155 in font MyFont
17:09:14: Info: Freetype returned null for character 156 in font MyFont
17:09:14: Info: Freetype returned null for character 157 in font MyFont
17:09:14: Info: Freetype returned null for character 158 in font MyFont
17:09:14: Info: Freetype returned null for character 159 in font MyFont
17:09:14: Info: Freetype returned null for character 160 in font MyFont
17:09:14: Texture: MyFontTexture: Loading 1 faces(PF_BYTE_LA,512x256x1) with 0 generated mipmaps from Image. Internal format is PF_BYTE_LA,512x256x1.
17:09:15: Texture: cloudy_noon_fr.jpg: Loading 1 faces(PF_B8G8R8,512x512x1) with 5 generated mipmaps from Image. Internal format is PF_X8R8G8B8,512x512x1.
17:09:15: Texture: cloudy_noon_bk.jpg: Loading 1 faces(PF_B8G8R8,512x512x1) with 5 generated mipmaps from Image. Internal format is PF_X8R8G8B8,512x512x1.
17:09:15: Texture: cloudy_noon_lf.jpg: Loading 1 faces(PF_B8G8R8,512x512x1) with 5 generated mipmaps from Image. Internal format is PF_X8R8G8B8,512x512x1.
17:09:15: Texture: cloudy_noon_rt.jpg: Loading 1 faces(PF_B8G8R8,512x512x1) with 5 generated mipmaps from Image. Internal format is PF_X8R8G8B8,512x512x1.
17:09:15: Texture: cloudy_noon_up.jpg: Loading 1 faces(PF_B8G8R8,512x512x1) with 5 generated mipmaps from Image. Internal format is PF_X8R8G8B8,512x512x1.
17:09:15: Texture: cloudy_noon_dn.jpg: Loading 1 faces(PF_B8G8R8,512x512x1) with 5 generated mipmaps from Image. Internal format is PF_X8R8G8B8,512x512x1.
17:09:15: Texture: spot_shadow_fade.png: Loading 1 faces(PF_B8G8R8,128x128x1) with 5 generated mipmaps from Image. Internal format is PF_X8R8G8B8,128x128x1.
17:25:16: Unregistering ResourceManager for type BspLevel
17:25:16: *-*-* OGRE Shutdown
17:25:16: Unregistering ResourceManager for type Compositor
17:25:16: Unregistering ResourceManager for type Font
17:25:16: Unregistering ResourceManager for type Skeleton
17:25:16: Unregistering ResourceManager for type Mesh
17:25:16: Unregistering ResourceManager for type HighLevelGpuProgram
17:25:16: Uninstalling plugin: Octree & Terrain Scene Manager
17:25:16: Plugin successfully uninstalled
17:25:16: Unloading library /usr/csshare/lib/OGRE/Plugin_OctreeSceneManager.so
17:25:16: Uninstalling plugin: BSP Scene Manager
17:25:16: Plugin successfully uninstalled
17:25:16: Unloading library /usr/csshare/lib/OGRE/Plugin_BSPSceneManager.so
17:25:16: Uninstalling plugin: ParticleFX
17:25:16: Plugin successfully uninstalled
17:25:16: Unloading library /usr/csshare/lib/OGRE/Plugin_ParticleFX.so
17:25:16: Uninstalling plugin: GL RenderSystem
17:25:16: Unregistering ResourceManager for type GpuProgram
17:25:16: ******************************
*** Stopping GLX Subsystem ***
******************************
17:25:16: Unregistering ResourceManager for type Texture
17:25:16: Plugin successfully uninstalled
17:25:16: Unloading library /usr/csshare/lib/OGRE/RenderSystem_GL.so
17:25:16: Unregistering ResourceManager for type Material
